[31-Mar-2018 23:24:33 UTC] PHP Warning:  include(../../dbConnection.php): failed to open stream: No such file or directory in /home/ubuntu/workspace/rbradley/Labs/Lab6/index.php on line 4
[31-Mar-2018 23:24:33 UTC] PHP Stack trace:
[31-Mar-2018 23:24:33 UTC] PHP   1. {main}() /home/ubuntu/workspace/rbradley/Labs/Lab6/index.php:0
[31-Mar-2018 23:24:33 UTC] PHP Warning:  include(): Failed opening '../../dbConnection.php' for inclusion (include_path='.:/usr/share/php:/usr/share/pear') in /home/ubuntu/workspace/rbradley/Labs/Lab6/index.php on line 4
[31-Mar-2018 23:24:33 UTC] PHP Stack trace:
[31-Mar-2018 23:24:33 UTC] PHP   1. {main}() /home/ubuntu/workspace/rbradley/Labs/Lab6/index.php:0
[31-Mar-2018 23:24:33 UTC] PHP Fatal error:  Call to undefined function getDatabaseConnection() in /home/ubuntu/workspace/rbradley/Labs/Lab6/index.php on line 6
[31-Mar-2018 23:24:33 UTC] PHP Stack trace:
[31-Mar-2018 23:24:33 UTC] PHP   1. {main}() /home/ubuntu/workspace/rbradley/Labs/Lab6/index.php:0
[31-Mar-2018 23:25:01 UTC] PHP Warning:  include(../../dbConnection.php): failed to open stream: No such file or directory in /home/ubuntu/workspace/rbradley/Labs/Lab6/index.php on line 4
[31-Mar-2018 23:25:01 UTC] PHP Stack trace:
[31-Mar-2018 23:25:01 UTC] PHP   1. {main}() /home/ubuntu/workspace/rbradley/Labs/Lab6/index.php:0
[31-Mar-2018 23:25:01 UTC] PHP Warning:  include(): Failed opening '../../dbConnection.php' for inclusion (include_path='.:/usr/share/php:/usr/share/pear') in /home/ubuntu/workspace/rbradley/Labs/Lab6/index.php on line 4
[31-Mar-2018 23:25:01 UTC] PHP Stack trace:
[31-Mar-2018 23:25:01 UTC] PHP   1. {main}() /home/ubuntu/workspace/rbradley/Labs/Lab6/index.php:0
[31-Mar-2018 23:25:01 UTC] PHP Fatal error:  Call to undefined function getDatabaseConnection() in /home/ubuntu/workspace/rbradley/Labs/Lab6/index.php on line 6
[31-Mar-2018 23:25:01 UTC] PHP Stack trace:
[31-Mar-2018 23:25:01 UTC] PHP   1. {main}() /home/ubuntu/workspace/rbradley/Labs/Lab6/index.php:0
[31-Mar-2018 23:25:20 UTC] PHP Warning:  include(../../dbConnection.php): failed to open stream: No such file or directory in /home/ubuntu/workspace/rbradley/Labs/Lab6/index.php on line 4
[31-Mar-2018 23:25:20 UTC] PHP Stack trace:
[31-Mar-2018 23:25:20 UTC] PHP   1. {main}() /home/ubuntu/workspace/rbradley/Labs/Lab6/index.php:0
[31-Mar-2018 23:25:20 UTC] PHP Warning:  include(): Failed opening '../../dbConnection.php' for inclusion (include_path='.:/usr/share/php:/usr/share/pear') in /home/ubuntu/workspace/rbradley/Labs/Lab6/index.php on line 4
[31-Mar-2018 23:25:20 UTC] PHP Stack trace:
[31-Mar-2018 23:25:20 UTC] PHP   1. {main}() /home/ubuntu/workspace/rbradley/Labs/Lab6/index.php:0
[31-Mar-2018 23:25:20 UTC] PHP Fatal error:  Call to undefined function getDatabaseConnection() in /home/ubuntu/workspace/rbradley/Labs/Lab6/index.php on line 6
[31-Mar-2018 23:25:20 UTC] PHP Stack trace:
[31-Mar-2018 23:25:20 UTC] PHP   1. {main}() /home/ubuntu/workspace/rbradley/Labs/Lab6/index.php:0
[31-Mar-2018 23:27:42 UTC] PHP Warning:  include(../../dbConnection.php): failed to open stream: No such file or directory in /home/ubuntu/workspace/rbradley/Labs/Lab6/index.php on line 4
[31-Mar-2018 23:27:42 UTC] PHP Stack trace:
[31-Mar-2018 23:27:42 UTC] PHP   1. {main}() /home/ubuntu/workspace/rbradley/Labs/Lab6/index.php:0
[31-Mar-2018 23:27:42 UTC] PHP Warning:  include(): Failed opening '../../dbConnection.php' for inclusion (include_path='.:/usr/share/php:/usr/share/pear') in /home/ubuntu/workspace/rbradley/Labs/Lab6/index.php on line 4
[31-Mar-2018 23:27:42 UTC] PHP Stack trace:
[31-Mar-2018 23:27:42 UTC] PHP   1. {main}() /home/ubuntu/workspace/rbradley/Labs/Lab6/index.php:0
[31-Mar-2018 23:27:42 UTC] PHP Fatal error:  Call to undefined function getDatabaseConnection() in /home/ubuntu/workspace/rbradley/Labs/Lab6/index.php on line 6
[31-Mar-2018 23:27:42 UTC] PHP Stack trace:
[31-Mar-2018 23:27:42 UTC] PHP   1. {main}() /home/ubuntu/workspace/rbradley/Labs/Lab6/index.php:0
[31-Mar-2018 23:34:37 UTC] PHP Warning:  include(dbConnection.php): failed to open stream: No such file or directory in /home/ubuntu/workspace/rbradley/Labs/Lab6/index.php on line 4
[31-Mar-2018 23:34:37 UTC] PHP Stack trace:
[31-Mar-2018 23:34:37 UTC] PHP   1. {main}() /home/ubuntu/workspace/rbradley/Labs/Lab6/index.php:0
[31-Mar-2018 23:34:37 UTC] PHP Warning:  include(): Failed opening 'dbConnection.php' for inclusion (include_path='.:/usr/share/php:/usr/share/pear') in /home/ubuntu/workspace/rbradley/Labs/Lab6/index.php on line 4
[31-Mar-2018 23:34:37 UTC] PHP Stack trace:
[31-Mar-2018 23:34:37 UTC] PHP   1. {main}() /home/ubuntu/workspace/rbradley/Labs/Lab6/index.php:0
[31-Mar-2018 23:34:37 UTC] PHP Fatal error:  Call to undefined function getDatabaseConnection() in /home/ubuntu/workspace/rbradley/Labs/Lab6/index.php on line 6
[31-Mar-2018 23:34:37 UTC] PHP Stack trace:
[31-Mar-2018 23:34:37 UTC] PHP   1. {main}() /home/ubuntu/workspace/rbradley/Labs/Lab6/index.php:0
[01-Apr-2018 04:25:31 UTC] PHP Fatal error:  Call to a member function prepare() on a non-object in /home/ubuntu/workspace/rbradley/Labs/Lab6/purchaseHistory.php on line 14
[01-Apr-2018 04:25:31 UTC] PHP Stack trace:
[01-Apr-2018 04:25:31 UTC] PHP   1. {main}() /home/ubuntu/workspace/rbradley/Labs/Lab6/purchaseHistory.php:0
[02-Apr-2018 21:40:13 UTC] PHP Fatal error:  Call to undefined function displayAllProducts() in /home/ubuntu/workspace/rbradley/Labs/Lab7/admin.php on line 24
[02-Apr-2018 21:40:13 UTC] PHP Stack trace:
[02-Apr-2018 21:40:13 UTC] PHP   1. {main}() /home/ubuntu/workspace/rbradley/Labs/Lab7/admin.php:0
[02-Apr-2018 22:47:23 UTC] PHP Fatal error:  Uncaught exception 'PDOException' with message 'SQLSTATE[23000]: Integrity constraint violation: 1048 Column 'catId' cannot be null' in /home/ubuntu/workspace/rbradley/Labs/Lab7/addproduct.php:43
Stack trace:
#0 /home/ubuntu/workspace/rbradley/Labs/Lab7/addproduct.php(43): PDOStatement->execute(Array)
#1 {main}
  thrown in /home/ubuntu/workspace/rbradley/Labs/Lab7/addproduct.php on line 43
