[12-Mar-2018 21:33:36 UTC] PHP Fatal error:  Uncaught exception 'PDOException' with message 'SQLSTATE[42S02]: Base table or view not found: 1146 Table 'ottermart.purchase' doesn't exist' in /home/ubuntu/workspace/rbradley/Challenges/OtterMartReports/reports.php:38
Stack trace:
#0 /home/ubuntu/workspace/rbradley/Challenges/OtterMartReports/reports.php(38): PDOStatement->execute()
#1 {main}
  thrown in /home/ubuntu/workspace/rbradley/Challenges/OtterMartReports/reports.php on line 38
[12-Mar-2018 21:34:01 UTC] PHP Fatal error:  Uncaught exception 'PDOException' with message 'SQLSTATE[42S02]: Base table or view not found: 1146 Table 'ottermart.purchase' doesn't exist' in /home/ubuntu/workspace/rbradley/Challenges/OtterMartReports/reports.php:38
Stack trace:
#0 /home/ubuntu/workspace/rbradley/Challenges/OtterMartReports/reports.php(38): PDOStatement->execute()
#1 {main}
  thrown in /home/ubuntu/workspace/rbradley/Challenges/OtterMartReports/reports.php on line 38
[12-Mar-2018 21:34:05 UTC] PHP Fatal error:  Uncaught exception 'PDOException' with message 'SQLSTATE[42S02]: Base table or view not found: 1146 Table 'ottermart.purchase' doesn't exist' in /home/ubuntu/workspace/rbradley/Challenges/OtterMartReports/reports.php:38
Stack trace:
#0 /home/ubuntu/workspace/rbradley/Challenges/OtterMartReports/reports.php(38): PDOStatement->execute()
#1 {main}
  thrown in /home/ubuntu/workspace/rbradley/Challenges/OtterMartReports/reports.php on line 38
[12-Mar-2018 21:34:07 UTC] PHP Fatal error:  Uncaught exception 'PDOException' with message 'SQLSTATE[42S02]: Base table or view not found: 1146 Table 'ottermart.purchase' doesn't exist' in /home/ubuntu/workspace/rbradley/Challenges/OtterMartReports/reports.php:38
Stack trace:
#0 /home/ubuntu/workspace/rbradley/Challenges/OtterMartReports/reports.php(38): PDOStatement->execute()
#1 {main}
  thrown in /home/ubuntu/workspace/rbradley/Challenges/OtterMartReports/reports.php on line 38
[12-Mar-2018 21:34:13 UTC] PHP Fatal error:  Uncaught exception 'PDOException' with message 'SQLSTATE[42S02]: Base table or view not found: 1146 Table 'ottermart.purchase' doesn't exist' in /home/ubuntu/workspace/rbradley/Challenges/OtterMartReports/reports.php:38
Stack trace:
#0 /home/ubuntu/workspace/rbradley/Challenges/OtterMartReports/reports.php(38): PDOStatement->execute()
#1 {main}
  thrown in /home/ubuntu/workspace/rbradley/Challenges/OtterMartReports/reports.php on line 38
